<?xml version="1.0" encoding="UTF-8"?>
<testsuite name="com.xk.myapplication.ExampleUnitTest" tests="1" skipped="0" failures="0" errors="0" timestamp="2019-02-25T14:17:19" hostname="xuekaideMacBook-Pro.local" time="0.0">
  <properties/>
  <testcase name="addition_isCorrect" classname="com.xk.myapplication.ExampleUnitTest" time="0.0"/>
  <system-out><![CDATA[]]></system-out>
  <system-err><![CDATA[]]></system-err>
</testsuite>
